Performing C SOURCE FILE Test HAVE_GCC_PREFERRED_STACK_BOUNDARY failed with the following output:
Change Dir: /home/leviathan/Documents/VUT/1BIT/2. semester/IZG/ex/izg_lab_01/build/CMakeFiles/CMakeScratch/TryCompile-vuJv7Z

Run Build Command(s):/usr/bin/make -f Makefile cmTC_7ffa0/fast && /usr/bin/make  -f CMakeFiles/cmTC_7ffa0.dir/build.make CMakeFiles/cmTC_7ffa0.dir/build
make[1]: Entering directory '/home/leviathan/Documents/VUT/1BIT/2. semester/IZG/ex/izg_lab_01/build/CMakeFiles/CMakeScratch/TryCompile-vuJv7Z'
Building C object CMakeFiles/cmTC_7ffa0.dir/src.c.o
/usr/bin/cc -DHAVE_GCC_PREFERRED_STACK_BOUNDARY  -idirafter "/home/leviathan/Documents/VUT/1BIT/2. semester/IZG/ex/izg_lab_01/SDL/src/video/khronos" -mpreferred-stack-boundary=2 -o CMakeFiles/cmTC_7ffa0.dir/src.c.o -c "/home/leviathan/Documents/VUT/1BIT/2. semester/IZG/ex/izg_lab_01/build/CMakeFiles/CMakeScratch/TryCompile-vuJv7Z/src.c"
cc1: error: ‘-mpreferred-stack-boundary=2’ is not between 3 and 12
make[1]: *** [CMakeFiles/cmTC_7ffa0.dir/build.make:78: CMakeFiles/cmTC_7ffa0.dir/src.c.o] Error 1
make[1]: Leaving directory '/home/leviathan/Documents/VUT/1BIT/2. semester/IZG/ex/izg_lab_01/build/CMakeFiles/CMakeScratch/TryCompile-vuJv7Z'
make: *** [Makefile:127: cmTC_7ffa0/fast] Error 2


Source file was:
int x = 0; int main(int argc, char **argv) {}

Performing C SOURCE FILE Test HAVE_ALTIVEC_H_HDR failed with the following output:
Change Dir: /home/leviathan/Documents/VUT/1BIT/2. semester/IZG/ex/izg_lab_01/build/CMakeFiles/CMakeScratch/TryCompile-Lv8fdb

Run Build Command(s):/usr/bin/make -f Makefile cmTC_14520/fast && /usr/bin/make  -f CMakeFiles/cmTC_14520.dir/build.make CMakeFiles/cmTC_14520.dir/build
make[1]: Entering directory '/home/leviathan/Documents/VUT/1BIT/2. semester/IZG/ex/izg_lab_01/build/CMakeFiles/CMakeScratch/TryCompile-Lv8fdb'
Building C object CMakeFiles/cmTC_14520.dir/src.c.o
/usr/bin/cc -DHAVE_ALTIVEC_H_HDR  -idirafter "/home/leviathan/Documents/VUT/1BIT/2. semester/IZG/ex/izg_lab_01/SDL/src/video/khronos" -maltivec -o CMakeFiles/cmTC_14520.dir/src.c.o -c "/home/leviathan/Documents/VUT/1BIT/2. semester/IZG/ex/izg_lab_01/build/CMakeFiles/CMakeScratch/TryCompile-Lv8fdb/src.c"
cc: error: unrecognized command-line option ‘-maltivec’
make[1]: *** [CMakeFiles/cmTC_14520.dir/build.make:78: CMakeFiles/cmTC_14520.dir/src.c.o] Error 1
make[1]: Leaving directory '/home/leviathan/Documents/VUT/1BIT/2. semester/IZG/ex/izg_lab_01/build/CMakeFiles/CMakeScratch/TryCompile-Lv8fdb'
make: *** [Makefile:127: cmTC_14520/fast] Error 2


Source file was:

          #include <altivec.h>
          vector unsigned int vzero() {
              return vec_splat_u32(0);
          }
          int main(int argc, char **argv) { }

Performing C SOURCE FILE Test HAVE_ALTIVEC failed with the following output:
Change Dir: /home/leviathan/Documents/VUT/1BIT/2. semester/IZG/ex/izg_lab_01/build/CMakeFiles/CMakeScratch/TryCompile-Ee3Jfu

Run Build Command(s):/usr/bin/make -f Makefile cmTC_47fbb/fast && /usr/bin/make  -f CMakeFiles/cmTC_47fbb.dir/build.make CMakeFiles/cmTC_47fbb.dir/build
make[1]: Entering directory '/home/leviathan/Documents/VUT/1BIT/2. semester/IZG/ex/izg_lab_01/build/CMakeFiles/CMakeScratch/TryCompile-Ee3Jfu'
Building C object CMakeFiles/cmTC_47fbb.dir/src.c.o
/usr/bin/cc -DHAVE_ALTIVEC  -idirafter "/home/leviathan/Documents/VUT/1BIT/2. semester/IZG/ex/izg_lab_01/SDL/src/video/khronos" -maltivec -o CMakeFiles/cmTC_47fbb.dir/src.c.o -c "/home/leviathan/Documents/VUT/1BIT/2. semester/IZG/ex/izg_lab_01/build/CMakeFiles/CMakeScratch/TryCompile-Ee3Jfu/src.c"
cc: error: unrecognized command-line option ‘-maltivec’
make[1]: *** [CMakeFiles/cmTC_47fbb.dir/build.make:78: CMakeFiles/cmTC_47fbb.dir/src.c.o] Error 1
make[1]: Leaving directory '/home/leviathan/Documents/VUT/1BIT/2. semester/IZG/ex/izg_lab_01/build/CMakeFiles/CMakeScratch/TryCompile-Ee3Jfu'
make: *** [Makefile:127: cmTC_47fbb/fast] Error 2


Source file was:

          vector unsigned int vzero() {
              return vec_splat_u32(0);
          }
          int main(int argc, char **argv) { }

Determining if the strlcpy exist failed with the following output:
Change Dir: /home/leviathan/Documents/VUT/1BIT/2. semester/IZG/ex/izg_lab_01/build/CMakeFiles/CMakeScratch/TryCompile-BgRSK9

Run Build Command(s):/usr/bin/make -f Makefile cmTC_128dd/fast && /usr/bin/make  -f CMakeFiles/cmTC_128dd.dir/build.make CMakeFiles/cmTC_128dd.dir/build
make[1]: Entering directory '/home/leviathan/Documents/VUT/1BIT/2. semester/IZG/ex/izg_lab_01/build/CMakeFiles/CMakeScratch/TryCompile-BgRSK9'
Building C object CMakeFiles/cmTC_128dd.dir/CheckSymbolExists.c.o
/usr/bin/cc   -idirafter "/home/leviathan/Documents/VUT/1BIT/2. semester/IZG/ex/izg_lab_01/SDL/src/video/khronos"  -o CMakeFiles/cmTC_128dd.dir/CheckSymbolExists.c.o -c "/home/leviathan/Documents/VUT/1BIT/2. semester/IZG/ex/izg_lab_01/build/CMakeFiles/CMakeScratch/TryCompile-BgRSK9/CheckSymbolExists.c"
/home/leviathan/Documents/VUT/1BIT/2. semester/IZG/ex/izg_lab_01/build/CMakeFiles/CMakeScratch/TryCompile-BgRSK9/CheckSymbolExists.c: In function ‘main’:
/home/leviathan/Documents/VUT/1BIT/2. semester/IZG/ex/izg_lab_01/build/CMakeFiles/CMakeScratch/TryCompile-BgRSK9/CheckSymbolExists.c:14:19: error: ‘strlcpy’ undeclared (first use in this function); did you mean ‘strncpy’?
   14 |   return ((int*)(&strlcpy))[argc];
      |                   ^~~~~~~
      |                   strncpy
/home/leviathan/Documents/VUT/1BIT/2. semester/IZG/ex/izg_lab_01/build/CMakeFiles/CMakeScratch/TryCompile-BgRSK9/CheckSymbolExists.c:14:19: note: each undeclared identifier is reported only once for each function it appears in
make[1]: *** [CMakeFiles/cmTC_128dd.dir/build.make:78: CMakeFiles/cmTC_128dd.dir/CheckSymbolExists.c.o] Error 1
make[1]: Leaving directory '/home/leviathan/Documents/VUT/1BIT/2. semester/IZG/ex/izg_lab_01/build/CMakeFiles/CMakeScratch/TryCompile-BgRSK9'
make: *** [Makefile:127: cmTC_128dd/fast] Error 2


File CheckSymbolExists.c:
/* */
#include <stddef.h>
#include <stdarg.h>
#include <stdlib.h>
#include <string.h>
#include <stdio.h>
#include <wchar.h>
#include <float.h>

int main(int argc, char** argv)
{
  (void)argv;
#ifndef strlcpy
  return ((int*)(&strlcpy))[argc];
#else
  (void)argc;
  return 0;
#endif
}

Determining if the strlcat exist failed with the following output:
Change Dir: /home/leviathan/Documents/VUT/1BIT/2. semester/IZG/ex/izg_lab_01/build/CMakeFiles/CMakeScratch/TryCompile-NaZtmS

Run Build Command(s):/usr/bin/make -f Makefile cmTC_d074c/fast && /usr/bin/make  -f CMakeFiles/cmTC_d074c.dir/build.make CMakeFiles/cmTC_d074c.dir/build
make[1]: Entering directory '/home/leviathan/Documents/VUT/1BIT/2. semester/IZG/ex/izg_lab_01/build/CMakeFiles/CMakeScratch/TryCompile-NaZtmS'
Building C object CMakeFiles/cmTC_d074c.dir/CheckSymbolExists.c.o
/usr/bin/cc   -idirafter "/home/leviathan/Documents/VUT/1BIT/2. semester/IZG/ex/izg_lab_01/SDL/src/video/khronos"  -o CMakeFiles/cmTC_d074c.dir/CheckSymbolExists.c.o -c "/home/leviathan/Documents/VUT/1BIT/2. semester/IZG/ex/izg_lab_01/build/CMakeFiles/CMakeScratch/TryCompile-NaZtmS/CheckSymbolExists.c"
/home/leviathan/Documents/VUT/1BIT/2. semester/IZG/ex/izg_lab_01/build/CMakeFiles/CMakeScratch/TryCompile-NaZtmS/CheckSymbolExists.c: In function ‘main’:
/home/leviathan/Documents/VUT/1BIT/2. semester/IZG/ex/izg_lab_01/build/CMakeFiles/CMakeScratch/TryCompile-NaZtmS/CheckSymbolExists.c:14:19: error: ‘strlcat’ undeclared (first use in this function); did you mean ‘strncat’?
   14 |   return ((int*)(&strlcat))[argc];
      |                   ^~~~~~~
      |                   strncat
/home/leviathan/Documents/VUT/1BIT/2. semester/IZG/ex/izg_lab_01/build/CMakeFiles/CMakeScratch/TryCompile-NaZtmS/CheckSymbolExists.c:14:19: note: each undeclared identifier is reported only once for each function it appears in
make[1]: *** [CMakeFiles/cmTC_d074c.dir/build.make:78: CMakeFiles/cmTC_d074c.dir/CheckSymbolExists.c.o] Error 1
make[1]: Leaving directory '/home/leviathan/Documents/VUT/1BIT/2. semester/IZG/ex/izg_lab_01/build/CMakeFiles/CMakeScratch/TryCompile-NaZtmS'
make: *** [Makefile:127: cmTC_d074c/fast] Error 2


File CheckSymbolExists.c:
/* */
#include <stddef.h>
#include <stdarg.h>
#include <stdlib.h>
#include <string.h>
#include <stdio.h>
#include <wchar.h>
#include <float.h>

int main(int argc, char** argv)
{
  (void)argv;
#ifndef strlcat
  return ((int*)(&strlcat))[argc];
#else
  (void)argc;
  return 0;
#endif
}

Determining if the _strrev exist failed with the following output:
Change Dir: /home/leviathan/Documents/VUT/1BIT/2. semester/IZG/ex/izg_lab_01/build/CMakeFiles/CMakeScratch/TryCompile-ObW97u

Run Build Command(s):/usr/bin/make -f Makefile cmTC_3a4d6/fast && /usr/bin/make  -f CMakeFiles/cmTC_3a4d6.dir/build.make CMakeFiles/cmTC_3a4d6.dir/build
make[1]: Entering directory '/home/leviathan/Documents/VUT/1BIT/2. semester/IZG/ex/izg_lab_01/build/CMakeFiles/CMakeScratch/TryCompile-ObW97u'
Building C object CMakeFiles/cmTC_3a4d6.dir/CheckSymbolExists.c.o
/usr/bin/cc   -idirafter "/home/leviathan/Documents/VUT/1BIT/2. semester/IZG/ex/izg_lab_01/SDL/src/video/khronos"  -o CMakeFiles/cmTC_3a4d6.dir/CheckSymbolExists.c.o -c "/home/leviathan/Documents/VUT/1BIT/2. semester/IZG/ex/izg_lab_01/build/CMakeFiles/CMakeScratch/TryCompile-ObW97u/CheckSymbolExists.c"
/home/leviathan/Documents/VUT/1BIT/2. semester/IZG/ex/izg_lab_01/build/CMakeFiles/CMakeScratch/TryCompile-ObW97u/CheckSymbolExists.c: In function ‘main’:
/home/leviathan/Documents/VUT/1BIT/2. semester/IZG/ex/izg_lab_01/build/CMakeFiles/CMakeScratch/TryCompile-ObW97u/CheckSymbolExists.c:14:19: error: ‘_strrev’ undeclared (first use in this function)
   14 |   return ((int*)(&_strrev))[argc];
      |                   ^~~~~~~
/home/leviathan/Documents/VUT/1BIT/2. semester/IZG/ex/izg_lab_01/build/CMakeFiles/CMakeScratch/TryCompile-ObW97u/CheckSymbolExists.c:14:19: note: each undeclared identifier is reported only once for each function it appears in
make[1]: *** [CMakeFiles/cmTC_3a4d6.dir/build.make:78: CMakeFiles/cmTC_3a4d6.dir/CheckSymbolExists.c.o] Error 1
make[1]: Leaving directory '/home/leviathan/Documents/VUT/1BIT/2. semester/IZG/ex/izg_lab_01/build/CMakeFiles/CMakeScratch/TryCompile-ObW97u'
make: *** [Makefile:127: cmTC_3a4d6/fast] Error 2


File CheckSymbolExists.c:
/* */
#include <stddef.h>
#include <stdarg.h>
#include <stdlib.h>
#include <string.h>
#include <stdio.h>
#include <wchar.h>
#include <float.h>

int main(int argc, char** argv)
{
  (void)argv;
#ifndef _strrev
  return ((int*)(&_strrev))[argc];
#else
  (void)argc;
  return 0;
#endif
}

Determining if the _strupr exist failed with the following output:
Change Dir: /home/leviathan/Documents/VUT/1BIT/2. semester/IZG/ex/izg_lab_01/build/CMakeFiles/CMakeScratch/TryCompile-SHMq67

Run Build Command(s):/usr/bin/make -f Makefile cmTC_e4bcd/fast && /usr/bin/make  -f CMakeFiles/cmTC_e4bcd.dir/build.make CMakeFiles/cmTC_e4bcd.dir/build
make[1]: Entering directory '/home/leviathan/Documents/VUT/1BIT/2. semester/IZG/ex/izg_lab_01/build/CMakeFiles/CMakeScratch/TryCompile-SHMq67'
Building C object CMakeFiles/cmTC_e4bcd.dir/CheckSymbolExists.c.o
/usr/bin/cc   -idirafter "/home/leviathan/Documents/VUT/1BIT/2. semester/IZG/ex/izg_lab_01/SDL/src/video/khronos"  -o CMakeFiles/cmTC_e4bcd.dir/CheckSymbolExists.c.o -c "/home/leviathan/Documents/VUT/1BIT/2. semester/IZG/ex/izg_lab_01/build/CMakeFiles/CMakeScratch/TryCompile-SHMq67/CheckSymbolExists.c"
/home/leviathan/Documents/VUT/1BIT/2. semester/IZG/ex/izg_lab_01/build/CMakeFiles/CMakeScratch/TryCompile-SHMq67/CheckSymbolExists.c: In function ‘main’:
/home/leviathan/Documents/VUT/1BIT/2. semester/IZG/ex/izg_lab_01/build/CMakeFiles/CMakeScratch/TryCompile-SHMq67/CheckSymbolExists.c:14:19: error: ‘_strupr’ undeclared (first use in this function)
   14 |   return ((int*)(&_strupr))[argc];
      |                   ^~~~~~~
/home/leviathan/Documents/VUT/1BIT/2. semester/IZG/ex/izg_lab_01/build/CMakeFiles/CMakeScratch/TryCompile-SHMq67/CheckSymbolExists.c:14:19: note: each undeclared identifier is reported only once for each function it appears in
make[1]: *** [CMakeFiles/cmTC_e4bcd.dir/build.make:78: CMakeFiles/cmTC_e4bcd.dir/CheckSymbolExists.c.o] Error 1
make[1]: Leaving directory '/home/leviathan/Documents/VUT/1BIT/2. semester/IZG/ex/izg_lab_01/build/CMakeFiles/CMakeScratch/TryCompile-SHMq67'
make: *** [Makefile:127: cmTC_e4bcd/fast] Error 2


File CheckSymbolExists.c:
/* */
#include <stddef.h>
#include <stdarg.h>
#include <stdlib.h>
#include <string.h>
#include <stdio.h>
#include <wchar.h>
#include <float.h>

int main(int argc, char** argv)
{
  (void)argv;
#ifndef _strupr
  return ((int*)(&_strupr))[argc];
#else
  (void)argc;
  return 0;
#endif
}

Determining if the _strlwr exist failed with the following output:
Change Dir: /home/leviathan/Documents/VUT/1BIT/2. semester/IZG/ex/izg_lab_01/build/CMakeFiles/CMakeScratch/TryCompile-RpAE4A

Run Build Command(s):/usr/bin/make -f Makefile cmTC_cc52a/fast && /usr/bin/make  -f CMakeFiles/cmTC_cc52a.dir/build.make CMakeFiles/cmTC_cc52a.dir/build
make[1]: Entering directory '/home/leviathan/Documents/VUT/1BIT/2. semester/IZG/ex/izg_lab_01/build/CMakeFiles/CMakeScratch/TryCompile-RpAE4A'
Building C object CMakeFiles/cmTC_cc52a.dir/CheckSymbolExists.c.o
/usr/bin/cc   -idirafter "/home/leviathan/Documents/VUT/1BIT/2. semester/IZG/ex/izg_lab_01/SDL/src/video/khronos"  -o CMakeFiles/cmTC_cc52a.dir/CheckSymbolExists.c.o -c "/home/leviathan/Documents/VUT/1BIT/2. semester/IZG/ex/izg_lab_01/build/CMakeFiles/CMakeScratch/TryCompile-RpAE4A/CheckSymbolExists.c"
/home/leviathan/Documents/VUT/1BIT/2. semester/IZG/ex/izg_lab_01/build/CMakeFiles/CMakeScratch/TryCompile-RpAE4A/CheckSymbolExists.c: In function ‘main’:
/home/leviathan/Documents/VUT/1BIT/2. semester/IZG/ex/izg_lab_01/build/CMakeFiles/CMakeScratch/TryCompile-RpAE4A/CheckSymbolExists.c:14:19: error: ‘_strlwr’ undeclared (first use in this function)
   14 |   return ((int*)(&_strlwr))[argc];
      |                   ^~~~~~~
/home/leviathan/Documents/VUT/1BIT/2. semester/IZG/ex/izg_lab_01/build/CMakeFiles/CMakeScratch/TryCompile-RpAE4A/CheckSymbolExists.c:14:19: note: each undeclared identifier is reported only once for each function it appears in
make[1]: *** [CMakeFiles/cmTC_cc52a.dir/build.make:78: CMakeFiles/cmTC_cc52a.dir/CheckSymbolExists.c.o] Error 1
make[1]: Leaving directory '/home/leviathan/Documents/VUT/1BIT/2. semester/IZG/ex/izg_lab_01/build/CMakeFiles/CMakeScratch/TryCompile-RpAE4A'
make: *** [Makefile:127: cmTC_cc52a/fast] Error 2


File CheckSymbolExists.c:
/* */
#include <stddef.h>
#include <stdarg.h>
#include <stdlib.h>
#include <string.h>
#include <stdio.h>
#include <wchar.h>
#include <float.h>

int main(int argc, char** argv)
{
  (void)argv;
#ifndef _strlwr
  return ((int*)(&_strlwr))[argc];
#else
  (void)argc;
  return 0;
#endif
}

Determining if the itoa exist failed with the following output:
Change Dir: /home/leviathan/Documents/VUT/1BIT/2. semester/IZG/ex/izg_lab_01/build/CMakeFiles/CMakeScratch/TryCompile-sSMegB

Run Build Command(s):/usr/bin/make -f Makefile cmTC_bb195/fast && /usr/bin/make  -f CMakeFiles/cmTC_bb195.dir/build.make CMakeFiles/cmTC_bb195.dir/build
make[1]: Entering directory '/home/leviathan/Documents/VUT/1BIT/2. semester/IZG/ex/izg_lab_01/build/CMakeFiles/CMakeScratch/TryCompile-sSMegB'
Building C object CMakeFiles/cmTC_bb195.dir/CheckSymbolExists.c.o
/usr/bin/cc   -idirafter "/home/leviathan/Documents/VUT/1BIT/2. semester/IZG/ex/izg_lab_01/SDL/src/video/khronos"  -o CMakeFiles/cmTC_bb195.dir/CheckSymbolExists.c.o -c "/home/leviathan/Documents/VUT/1BIT/2. semester/IZG/ex/izg_lab_01/build/CMakeFiles/CMakeScratch/TryCompile-sSMegB/CheckSymbolExists.c"
/home/leviathan/Documents/VUT/1BIT/2. semester/IZG/ex/izg_lab_01/build/CMakeFiles/CMakeScratch/TryCompile-sSMegB/CheckSymbolExists.c: In function ‘main’:
/home/leviathan/Documents/VUT/1BIT/2. semester/IZG/ex/izg_lab_01/build/CMakeFiles/CMakeScratch/TryCompile-sSMegB/CheckSymbolExists.c:14:19: error: ‘itoa’ undeclared (first use in this function)
   14 |   return ((int*)(&itoa))[argc];
      |                   ^~~~
/home/leviathan/Documents/VUT/1BIT/2. semester/IZG/ex/izg_lab_01/build/CMakeFiles/CMakeScratch/TryCompile-sSMegB/CheckSymbolExists.c:14:19: note: each undeclared identifier is reported only once for each function it appears in
make[1]: *** [CMakeFiles/cmTC_bb195.dir/build.make:78: CMakeFiles/cmTC_bb195.dir/CheckSymbolExists.c.o] Error 1
make[1]: Leaving directory '/home/leviathan/Documents/VUT/1BIT/2. semester/IZG/ex/izg_lab_01/build/CMakeFiles/CMakeScratch/TryCompile-sSMegB'
make: *** [Makefile:127: cmTC_bb195/fast] Error 2


File CheckSymbolExists.c:
/* */
#include <stddef.h>
#include <stdarg.h>
#include <stdlib.h>
#include <string.h>
#include <stdio.h>
#include <wchar.h>
#include <float.h>

int main(int argc, char** argv)
{
  (void)argv;
#ifndef itoa
  return ((int*)(&itoa))[argc];
#else
  (void)argc;
  return 0;
#endif
}

Determining if the _ltoa exist failed with the following output:
Change Dir: /home/leviathan/Documents/VUT/1BIT/2. semester/IZG/ex/izg_lab_01/build/CMakeFiles/CMakeScratch/TryCompile-8kNtqM

Run Build Command(s):/usr/bin/make -f Makefile cmTC_8133f/fast && /usr/bin/make  -f CMakeFiles/cmTC_8133f.dir/build.make CMakeFiles/cmTC_8133f.dir/build
make[1]: Entering directory '/home/leviathan/Documents/VUT/1BIT/2. semester/IZG/ex/izg_lab_01/build/CMakeFiles/CMakeScratch/TryCompile-8kNtqM'
Building C object CMakeFiles/cmTC_8133f.dir/CheckSymbolExists.c.o
/usr/bin/cc   -idirafter "/home/leviathan/Documents/VUT/1BIT/2. semester/IZG/ex/izg_lab_01/SDL/src/video/khronos"  -o CMakeFiles/cmTC_8133f.dir/CheckSymbolExists.c.o -c "/home/leviathan/Documents/VUT/1BIT/2. semester/IZG/ex/izg_lab_01/build/CMakeFiles/CMakeScratch/TryCompile-8kNtqM/CheckSymbolExists.c"
/home/leviathan/Documents/VUT/1BIT/2. semester/IZG/ex/izg_lab_01/build/CMakeFiles/CMakeScratch/TryCompile-8kNtqM/CheckSymbolExists.c: In function ‘main’:
/home/leviathan/Documents/VUT/1BIT/2. semester/IZG/ex/izg_lab_01/build/CMakeFiles/CMakeScratch/TryCompile-8kNtqM/CheckSymbolExists.c:14:19: error: ‘_ltoa’ undeclared (first use in this function)
   14 |   return ((int*)(&_ltoa))[argc];
      |                   ^~~~~
/home/leviathan/Documents/VUT/1BIT/2. semester/IZG/ex/izg_lab_01/build/CMakeFiles/CMakeScratch/TryCompile-8kNtqM/CheckSymbolExists.c:14:19: note: each undeclared identifier is reported only once for each function it appears in
make[1]: *** [CMakeFiles/cmTC_8133f.dir/build.make:78: CMakeFiles/cmTC_8133f.dir/CheckSymbolExists.c.o] Error 1
make[1]: Leaving directory '/home/leviathan/Documents/VUT/1BIT/2. semester/IZG/ex/izg_lab_01/build/CMakeFiles/CMakeScratch/TryCompile-8kNtqM'
make: *** [Makefile:127: cmTC_8133f/fast] Error 2


File CheckSymbolExists.c:
/* */
#include <stddef.h>
#include <stdarg.h>
#include <stdlib.h>
#include <string.h>
#include <stdio.h>
#include <wchar.h>
#include <float.h>

int main(int argc, char** argv)
{
  (void)argv;
#ifndef _ltoa
  return ((int*)(&_ltoa))[argc];
#else
  (void)argc;
  return 0;
#endif
}

Determining if the _uitoa exist failed with the following output:
Change Dir: /home/leviathan/Documents/VUT/1BIT/2. semester/IZG/ex/izg_lab_01/build/CMakeFiles/CMakeScratch/TryCompile-GNaT3u

Run Build Command(s):/usr/bin/make -f Makefile cmTC_19a5a/fast && /usr/bin/make  -f CMakeFiles/cmTC_19a5a.dir/build.make CMakeFiles/cmTC_19a5a.dir/build
make[1]: Entering directory '/home/leviathan/Documents/VUT/1BIT/2. semester/IZG/ex/izg_lab_01/build/CMakeFiles/CMakeScratch/TryCompile-GNaT3u'
Building C object CMakeFiles/cmTC_19a5a.dir/CheckSymbolExists.c.o
/usr/bin/cc   -idirafter "/home/leviathan/Documents/VUT/1BIT/2. semester/IZG/ex/izg_lab_01/SDL/src/video/khronos"  -o CMakeFiles/cmTC_19a5a.dir/CheckSymbolExists.c.o -c "/home/leviathan/Documents/VUT/1BIT/2. semester/IZG/ex/izg_lab_01/build/CMakeFiles/CMakeScratch/TryCompile-GNaT3u/CheckSymbolExists.c"
/home/leviathan/Documents/VUT/1BIT/2. semester/IZG/ex/izg_lab_01/build/CMakeFiles/CMakeScratch/TryCompile-GNaT3u/CheckSymbolExists.c: In function ‘main’:
/home/leviathan/Documents/VUT/1BIT/2. semester/IZG/ex/izg_lab_01/build/CMakeFiles/CMakeScratch/TryCompile-GNaT3u/CheckSymbolExists.c:14:19: error: ‘_uitoa’ undeclared (first use in this function)
   14 |   return ((int*)(&_uitoa))[argc];
      |                   ^~~~~~
/home/leviathan/Documents/VUT/1BIT/2. semester/IZG/ex/izg_lab_01/build/CMakeFiles/CMakeScratch/TryCompile-GNaT3u/CheckSymbolExists.c:14:19: note: each undeclared identifier is reported only once for each function it appears in
make[1]: *** [CMakeFiles/cmTC_19a5a.dir/build.make:78: CMakeFiles/cmTC_19a5a.dir/CheckSymbolExists.c.o] Error 1
make[1]: Leaving directory '/home/leviathan/Documents/VUT/1BIT/2. semester/IZG/ex/izg_lab_01/build/CMakeFiles/CMakeScratch/TryCompile-GNaT3u'
make: *** [Makefile:127: cmTC_19a5a/fast] Error 2


File CheckSymbolExists.c:
/* */
#include <stddef.h>
#include <stdarg.h>
#include <stdlib.h>
#include <string.h>
#include <stdio.h>
#include <wchar.h>
#include <float.h>

int main(int argc, char** argv)
{
  (void)argv;
#ifndef _uitoa
  return ((int*)(&_uitoa))[argc];
#else
  (void)argc;
  return 0;
#endif
}

Determining if the _ultoa exist failed with the following output:
Change Dir: /home/leviathan/Documents/VUT/1BIT/2. semester/IZG/ex/izg_lab_01/build/CMakeFiles/CMakeScratch/TryCompile-3w06Sd

Run Build Command(s):/usr/bin/make -f Makefile cmTC_e6a47/fast && /usr/bin/make  -f CMakeFiles/cmTC_e6a47.dir/build.make CMakeFiles/cmTC_e6a47.dir/build
make[1]: Entering directory '/home/leviathan/Documents/VUT/1BIT/2. semester/IZG/ex/izg_lab_01/build/CMakeFiles/CMakeScratch/TryCompile-3w06Sd'
Building C object CMakeFiles/cmTC_e6a47.dir/CheckSymbolExists.c.o
/usr/bin/cc   -idirafter "/home/leviathan/Documents/VUT/1BIT/2. semester/IZG/ex/izg_lab_01/SDL/src/video/khronos"  -o CMakeFiles/cmTC_e6a47.dir/CheckSymbolExists.c.o -c "/home/leviathan/Documents/VUT/1BIT/2. semester/IZG/ex/izg_lab_01/build/CMakeFiles/CMakeScratch/TryCompile-3w06Sd/CheckSymbolExists.c"
/home/leviathan/Documents/VUT/1BIT/2. semester/IZG/ex/izg_lab_01/build/CMakeFiles/CMakeScratch/TryCompile-3w06Sd/CheckSymbolExists.c: In function ‘main’:
/home/leviathan/Documents/VUT/1BIT/2. semester/IZG/ex/izg_lab_01/build/CMakeFiles/CMakeScratch/TryCompile-3w06Sd/CheckSymbolExists.c:14:19: error: ‘_ultoa’ undeclared (first use in this function)
   14 |   return ((int*)(&_ultoa))[argc];
      |                   ^~~~~~
/home/leviathan/Documents/VUT/1BIT/2. semester/IZG/ex/izg_lab_01/build/CMakeFiles/CMakeScratch/TryCompile-3w06Sd/CheckSymbolExists.c:14:19: note: each undeclared identifier is reported only once for each function it appears in
make[1]: *** [CMakeFiles/cmTC_e6a47.dir/build.make:78: CMakeFiles/cmTC_e6a47.dir/CheckSymbolExists.c.o] Error 1
make[1]: Leaving directory '/home/leviathan/Documents/VUT/1BIT/2. semester/IZG/ex/izg_lab_01/build/CMakeFiles/CMakeScratch/TryCompile-3w06Sd'
make: *** [Makefile:127: cmTC_e6a47/fast] Error 2


File CheckSymbolExists.c:
/* */
#include <stddef.h>
#include <stdarg.h>
#include <stdlib.h>
#include <string.h>
#include <stdio.h>
#include <wchar.h>
#include <float.h>

int main(int argc, char** argv)
{
  (void)argv;
#ifndef _ultoa
  return ((int*)(&_ultoa))[argc];
#else
  (void)argc;
  return 0;
#endif
}

Determining if the _i64toa exist failed with the following output:
Change Dir: /home/leviathan/Documents/VUT/1BIT/2. semester/IZG/ex/izg_lab_01/build/CMakeFiles/CMakeScratch/TryCompile-YZANwM

Run Build Command(s):/usr/bin/make -f Makefile cmTC_e2b5c/fast && /usr/bin/make  -f CMakeFiles/cmTC_e2b5c.dir/build.make CMakeFiles/cmTC_e2b5c.dir/build
make[1]: Entering directory '/home/leviathan/Documents/VUT/1BIT/2. semester/IZG/ex/izg_lab_01/build/CMakeFiles/CMakeScratch/TryCompile-YZANwM'
Building C object CMakeFiles/cmTC_e2b5c.dir/CheckSymbolExists.c.o
/usr/bin/cc   -idirafter "/home/leviathan/Documents/VUT/1BIT/2. semester/IZG/ex/izg_lab_01/SDL/src/video/khronos"  -o CMakeFiles/cmTC_e2b5c.dir/CheckSymbolExists.c.o -c "/home/leviathan/Documents/VUT/1BIT/2. semester/IZG/ex/izg_lab_01/build/CMakeFiles/CMakeScratch/TryCompile-YZANwM/CheckSymbolExists.c"
/home/leviathan/Documents/VUT/1BIT/2. semester/IZG/ex/izg_lab_01/build/CMakeFiles/CMakeScratch/TryCompile-YZANwM/CheckSymbolExists.c: In function ‘main’:
/home/leviathan/Documents/VUT/1BIT/2. semester/IZG/ex/izg_lab_01/build/CMakeFiles/CMakeScratch/TryCompile-YZANwM/CheckSymbolExists.c:14:19: error: ‘_i64toa’ undeclared (first use in this function)
   14 |   return ((int*)(&_i64toa))[argc];
      |                   ^~~~~~~
/home/leviathan/Documents/VUT/1BIT/2. semester/IZG/ex/izg_lab_01/build/CMakeFiles/CMakeScratch/TryCompile-YZANwM/CheckSymbolExists.c:14:19: note: each undeclared identifier is reported only once for each function it appears in
make[1]: *** [CMakeFiles/cmTC_e2b5c.dir/build.make:78: CMakeFiles/cmTC_e2b5c.dir/CheckSymbolExists.c.o] Error 1
make[1]: Leaving directory '/home/leviathan/Documents/VUT/1BIT/2. semester/IZG/ex/izg_lab_01/build/CMakeFiles/CMakeScratch/TryCompile-YZANwM'
make: *** [Makefile:127: cmTC_e2b5c/fast] Error 2


File CheckSymbolExists.c:
/* */
#include <stddef.h>
#include <stdarg.h>
#include <stdlib.h>
#include <string.h>
#include <stdio.h>
#include <wchar.h>
#include <float.h>

int main(int argc, char** argv)
{
  (void)argv;
#ifndef _i64toa
  return ((int*)(&_i64toa))[argc];
#else
  (void)argc;
  return 0;
#endif
}

Determining if the _ui64toa exist failed with the following output:
Change Dir: /home/leviathan/Documents/VUT/1BIT/2. semester/IZG/ex/izg_lab_01/build/CMakeFiles/CMakeScratch/TryCompile-7RoNdL

Run Build Command(s):/usr/bin/make -f Makefile cmTC_30115/fast && /usr/bin/make  -f CMakeFiles/cmTC_30115.dir/build.make CMakeFiles/cmTC_30115.dir/build
make[1]: Entering directory '/home/leviathan/Documents/VUT/1BIT/2. semester/IZG/ex/izg_lab_01/build/CMakeFiles/CMakeScratch/TryCompile-7RoNdL'
Building C object CMakeFiles/cmTC_30115.dir/CheckSymbolExists.c.o
/usr/bin/cc   -idirafter "/home/leviathan/Documents/VUT/1BIT/2. semester/IZG/ex/izg_lab_01/SDL/src/video/khronos"  -o CMakeFiles/cmTC_30115.dir/CheckSymbolExists.c.o -c "/home/leviathan/Documents/VUT/1BIT/2. semester/IZG/ex/izg_lab_01/build/CMakeFiles/CMakeScratch/TryCompile-7RoNdL/CheckSymbolExists.c"
/home/leviathan/Documents/VUT/1BIT/2. semester/IZG/ex/izg_lab_01/build/CMakeFiles/CMakeScratch/TryCompile-7RoNdL/CheckSymbolExists.c: In function ‘main’:
/home/leviathan/Documents/VUT/1BIT/2. semester/IZG/ex/izg_lab_01/build/CMakeFiles/CMakeScratch/TryCompile-7RoNdL/CheckSymbolExists.c:14:19: error: ‘_ui64toa’ undeclared (first use in this function)
   14 |   return ((int*)(&_ui64toa))[argc];
      |                   ^~~~~~~~
/home/leviathan/Documents/VUT/1BIT/2. semester/IZG/ex/izg_lab_01/build/CMakeFiles/CMakeScratch/TryCompile-7RoNdL/CheckSymbolExists.c:14:19: note: each undeclared identifier is reported only once for each function it appears in
make[1]: *** [CMakeFiles/cmTC_30115.dir/build.make:78: CMakeFiles/cmTC_30115.dir/CheckSymbolExists.c.o] Error 1
make[1]: Leaving directory '/home/leviathan/Documents/VUT/1BIT/2. semester/IZG/ex/izg_lab_01/build/CMakeFiles/CMakeScratch/TryCompile-7RoNdL'
make: *** [Makefile:127: cmTC_30115/fast] Error 2


File CheckSymbolExists.c:
/* */
#include <stddef.h>
#include <stdarg.h>
#include <stdlib.h>
#include <string.h>
#include <stdio.h>
#include <wchar.h>
#include <float.h>

int main(int argc, char** argv)
{
  (void)argv;
#ifndef _ui64toa
  return ((int*)(&_ui64toa))[argc];
#else
  (void)argc;
  return 0;
#endif
}

Determining if the _stricmp exist failed with the following output:
Change Dir: /home/leviathan/Documents/VUT/1BIT/2. semester/IZG/ex/izg_lab_01/build/CMakeFiles/CMakeScratch/TryCompile-Oh22Sa

Run Build Command(s):/usr/bin/make -f Makefile cmTC_101b6/fast && /usr/bin/make  -f CMakeFiles/cmTC_101b6.dir/build.make CMakeFiles/cmTC_101b6.dir/build
make[1]: Entering directory '/home/leviathan/Documents/VUT/1BIT/2. semester/IZG/ex/izg_lab_01/build/CMakeFiles/CMakeScratch/TryCompile-Oh22Sa'
Building C object CMakeFiles/cmTC_101b6.dir/CheckSymbolExists.c.o
/usr/bin/cc   -idirafter "/home/leviathan/Documents/VUT/1BIT/2. semester/IZG/ex/izg_lab_01/SDL/src/video/khronos"  -o CMakeFiles/cmTC_101b6.dir/CheckSymbolExists.c.o -c "/home/leviathan/Documents/VUT/1BIT/2. semester/IZG/ex/izg_lab_01/build/CMakeFiles/CMakeScratch/TryCompile-Oh22Sa/CheckSymbolExists.c"
/home/leviathan/Documents/VUT/1BIT/2. semester/IZG/ex/izg_lab_01/build/CMakeFiles/CMakeScratch/TryCompile-Oh22Sa/CheckSymbolExists.c: In function ‘main’:
/home/leviathan/Documents/VUT/1BIT/2. semester/IZG/ex/izg_lab_01/build/CMakeFiles/CMakeScratch/TryCompile-Oh22Sa/CheckSymbolExists.c:14:19: error: ‘_stricmp’ undeclared (first use in this function); did you mean ‘strncmp’?
   14 |   return ((int*)(&_stricmp))[argc];
      |                   ^~~~~~~~
      |                   strncmp
/home/leviathan/Documents/VUT/1BIT/2. semester/IZG/ex/izg_lab_01/build/CMakeFiles/CMakeScratch/TryCompile-Oh22Sa/CheckSymbolExists.c:14:19: note: each undeclared identifier is reported only once for each function it appears in
make[1]: *** [CMakeFiles/cmTC_101b6.dir/build.make:78: CMakeFiles/cmTC_101b6.dir/CheckSymbolExists.c.o] Error 1
make[1]: Leaving directory '/home/leviathan/Documents/VUT/1BIT/2. semester/IZG/ex/izg_lab_01/build/CMakeFiles/CMakeScratch/TryCompile-Oh22Sa'
make: *** [Makefile:127: cmTC_101b6/fast] Error 2


File CheckSymbolExists.c:
/* */
#include <stddef.h>
#include <stdarg.h>
#include <stdlib.h>
#include <string.h>
#include <stdio.h>
#include <wchar.h>
#include <float.h>

int main(int argc, char** argv)
{
  (void)argv;
#ifndef _stricmp
  return ((int*)(&_stricmp))[argc];
#else
  (void)argc;
  return 0;
#endif
}

Determining if the _strnicmp exist failed with the following output:
Change Dir: /home/leviathan/Documents/VUT/1BIT/2. semester/IZG/ex/izg_lab_01/build/CMakeFiles/CMakeScratch/TryCompile-U7ZEVI

Run Build Command(s):/usr/bin/make -f Makefile cmTC_5cac2/fast && /usr/bin/make  -f CMakeFiles/cmTC_5cac2.dir/build.make CMakeFiles/cmTC_5cac2.dir/build
make[1]: Entering directory '/home/leviathan/Documents/VUT/1BIT/2. semester/IZG/ex/izg_lab_01/build/CMakeFiles/CMakeScratch/TryCompile-U7ZEVI'
Building C object CMakeFiles/cmTC_5cac2.dir/CheckSymbolExists.c.o
/usr/bin/cc   -idirafter "/home/leviathan/Documents/VUT/1BIT/2. semester/IZG/ex/izg_lab_01/SDL/src/video/khronos"  -o CMakeFiles/cmTC_5cac2.dir/CheckSymbolExists.c.o -c "/home/leviathan/Documents/VUT/1BIT/2. semester/IZG/ex/izg_lab_01/build/CMakeFiles/CMakeScratch/TryCompile-U7ZEVI/CheckSymbolExists.c"
/home/leviathan/Documents/VUT/1BIT/2. semester/IZG/ex/izg_lab_01/build/CMakeFiles/CMakeScratch/TryCompile-U7ZEVI/CheckSymbolExists.c: In function ‘main’:
/home/leviathan/Documents/VUT/1BIT/2. semester/IZG/ex/izg_lab_01/build/CMakeFiles/CMakeScratch/TryCompile-U7ZEVI/CheckSymbolExists.c:14:19: error: ‘_strnicmp’ undeclared (first use in this function); did you mean ‘strncmp’?
   14 |   return ((int*)(&_strnicmp))[argc];
      |                   ^~~~~~~~~
      |                   strncmp
/home/leviathan/Documents/VUT/1BIT/2. semester/IZG/ex/izg_lab_01/build/CMakeFiles/CMakeScratch/TryCompile-U7ZEVI/CheckSymbolExists.c:14:19: note: each undeclared identifier is reported only once for each function it appears in
make[1]: *** [CMakeFiles/cmTC_5cac2.dir/build.make:78: CMakeFiles/cmTC_5cac2.dir/CheckSymbolExists.c.o] Error 1
make[1]: Leaving directory '/home/leviathan/Documents/VUT/1BIT/2. semester/IZG/ex/izg_lab_01/build/CMakeFiles/CMakeScratch/TryCompile-U7ZEVI'
make: *** [Makefile:127: cmTC_5cac2/fast] Error 2


File CheckSymbolExists.c:
/* */
#include <stddef.h>
#include <stdarg.h>
#include <stdlib.h>
#include <string.h>
#include <stdio.h>
#include <wchar.h>
#include <float.h>

int main(int argc, char** argv)
{
  (void)argv;
#ifndef _strnicmp
  return ((int*)(&_strnicmp))[argc];
#else
  (void)argc;
  return 0;
#endif
}

Determining if the _wcsdup exist failed with the following output:
Change Dir: /home/leviathan/Documents/VUT/1BIT/2. semester/IZG/ex/izg_lab_01/build/CMakeFiles/CMakeScratch/TryCompile-yCBTKz

Run Build Command(s):/usr/bin/make -f Makefile cmTC_c5454/fast && /usr/bin/make  -f CMakeFiles/cmTC_c5454.dir/build.make CMakeFiles/cmTC_c5454.dir/build
make[1]: Entering directory '/home/leviathan/Documents/VUT/1BIT/2. semester/IZG/ex/izg_lab_01/build/CMakeFiles/CMakeScratch/TryCompile-yCBTKz'
Building C object CMakeFiles/cmTC_c5454.dir/CheckSymbolExists.c.o
/usr/bin/cc   -idirafter "/home/leviathan/Documents/VUT/1BIT/2. semester/IZG/ex/izg_lab_01/SDL/src/video/khronos"  -o CMakeFiles/cmTC_c5454.dir/CheckSymbolExists.c.o -c "/home/leviathan/Documents/VUT/1BIT/2. semester/IZG/ex/izg_lab_01/build/CMakeFiles/CMakeScratch/TryCompile-yCBTKz/CheckSymbolExists.c"
/home/leviathan/Documents/VUT/1BIT/2. semester/IZG/ex/izg_lab_01/build/CMakeFiles/CMakeScratch/TryCompile-yCBTKz/CheckSymbolExists.c: In function ‘main’:
/home/leviathan/Documents/VUT/1BIT/2. semester/IZG/ex/izg_lab_01/build/CMakeFiles/CMakeScratch/TryCompile-yCBTKz/CheckSymbolExists.c:14:19: error: ‘_wcsdup’ undeclared (first use in this function); did you mean ‘wcsdup’?
   14 |   return ((int*)(&_wcsdup))[argc];
      |                   ^~~~~~~
      |                   wcsdup
/home/leviathan/Documents/VUT/1BIT/2. semester/IZG/ex/izg_lab_01/build/CMakeFiles/CMakeScratch/TryCompile-yCBTKz/CheckSymbolExists.c:14:19: note: each undeclared identifier is reported only once for each function it appears in
make[1]: *** [CMakeFiles/cmTC_c5454.dir/build.make:78: CMakeFiles/cmTC_c5454.dir/CheckSymbolExists.c.o] Error 1
make[1]: Leaving directory '/home/leviathan/Documents/VUT/1BIT/2. semester/IZG/ex/izg_lab_01/build/CMakeFiles/CMakeScratch/TryCompile-yCBTKz'
make: *** [Makefile:127: cmTC_c5454/fast] Error 2


File CheckSymbolExists.c:
/* */
#include <stddef.h>
#include <stdarg.h>
#include <stdlib.h>
#include <string.h>
#include <stdio.h>
#include <wchar.h>
#include <float.h>

int main(int argc, char** argv)
{
  (void)argv;
#ifndef _wcsdup
  return ((int*)(&_wcsdup))[argc];
#else
  (void)argc;
  return 0;
#endif
}

Determining if the wcslcat exist failed with the following output:
Change Dir: /home/leviathan/Documents/VUT/1BIT/2. semester/IZG/ex/izg_lab_01/build/CMakeFiles/CMakeScratch/TryCompile-rqjSQ9

Run Build Command(s):/usr/bin/make -f Makefile cmTC_f02ae/fast && /usr/bin/make  -f CMakeFiles/cmTC_f02ae.dir/build.make CMakeFiles/cmTC_f02ae.dir/build
make[1]: Entering directory '/home/leviathan/Documents/VUT/1BIT/2. semester/IZG/ex/izg_lab_01/build/CMakeFiles/CMakeScratch/TryCompile-rqjSQ9'
Building C object CMakeFiles/cmTC_f02ae.dir/CheckSymbolExists.c.o
/usr/bin/cc   -idirafter "/home/leviathan/Documents/VUT/1BIT/2. semester/IZG/ex/izg_lab_01/SDL/src/video/khronos"  -o CMakeFiles/cmTC_f02ae.dir/CheckSymbolExists.c.o -c "/home/leviathan/Documents/VUT/1BIT/2. semester/IZG/ex/izg_lab_01/build/CMakeFiles/CMakeScratch/TryCompile-rqjSQ9/CheckSymbolExists.c"
/home/leviathan/Documents/VUT/1BIT/2. semester/IZG/ex/izg_lab_01/build/CMakeFiles/CMakeScratch/TryCompile-rqjSQ9/CheckSymbolExists.c: In function ‘main’:
/home/leviathan/Documents/VUT/1BIT/2. semester/IZG/ex/izg_lab_01/build/CMakeFiles/CMakeScratch/TryCompile-rqjSQ9/CheckSymbolExists.c:14:19: error: ‘wcslcat’ undeclared (first use in this function); did you mean ‘wcsncat’?
   14 |   return ((int*)(&wcslcat))[argc];
      |                   ^~~~~~~
      |                   wcsncat
/home/leviathan/Documents/VUT/1BIT/2. semester/IZG/ex/izg_lab_01/build/CMakeFiles/CMakeScratch/TryCompile-rqjSQ9/CheckSymbolExists.c:14:19: note: each undeclared identifier is reported only once for each function it appears in
make[1]: *** [CMakeFiles/cmTC_f02ae.dir/build.make:78: CMakeFiles/cmTC_f02ae.dir/CheckSymbolExists.c.o] Error 1
make[1]: Leaving directory '/home/leviathan/Documents/VUT/1BIT/2. semester/IZG/ex/izg_lab_01/build/CMakeFiles/CMakeScratch/TryCompile-rqjSQ9'
make: *** [Makefile:127: cmTC_f02ae/fast] Error 2


File CheckSymbolExists.c:
/* */
#include <stddef.h>
#include <stdarg.h>
#include <stdlib.h>
#include <string.h>
#include <stdio.h>
#include <wchar.h>
#include <float.h>

int main(int argc, char** argv)
{
  (void)argv;
#ifndef wcslcat
  return ((int*)(&wcslcat))[argc];
#else
  (void)argc;
  return 0;
#endif
}

Determining if the wcslcpy exist failed with the following output:
Change Dir: /home/leviathan/Documents/VUT/1BIT/2. semester/IZG/ex/izg_lab_01/build/CMakeFiles/CMakeScratch/TryCompile-ZPfK5c

Run Build Command(s):/usr/bin/make -f Makefile cmTC_fd9a7/fast && /usr/bin/make  -f CMakeFiles/cmTC_fd9a7.dir/build.make CMakeFiles/cmTC_fd9a7.dir/build
make[1]: Entering directory '/home/leviathan/Documents/VUT/1BIT/2. semester/IZG/ex/izg_lab_01/build/CMakeFiles/CMakeScratch/TryCompile-ZPfK5c'
Building C object CMakeFiles/cmTC_fd9a7.dir/CheckSymbolExists.c.o
/usr/bin/cc   -idirafter "/home/leviathan/Documents/VUT/1BIT/2. semester/IZG/ex/izg_lab_01/SDL/src/video/khronos"  -o CMakeFiles/cmTC_fd9a7.dir/CheckSymbolExists.c.o -c "/home/leviathan/Documents/VUT/1BIT/2. semester/IZG/ex/izg_lab_01/build/CMakeFiles/CMakeScratch/TryCompile-ZPfK5c/CheckSymbolExists.c"
/home/leviathan/Documents/VUT/1BIT/2. semester/IZG/ex/izg_lab_01/build/CMakeFiles/CMakeScratch/TryCompile-ZPfK5c/CheckSymbolExists.c: In function ‘main’:
/home/leviathan/Documents/VUT/1BIT/2. semester/IZG/ex/izg_lab_01/build/CMakeFiles/CMakeScratch/TryCompile-ZPfK5c/CheckSymbolExists.c:14:19: error: ‘wcslcpy’ undeclared (first use in this function); did you mean ‘wcsncpy’?
   14 |   return ((int*)(&wcslcpy))[argc];
      |                   ^~~~~~~
      |                   wcsncpy
/home/leviathan/Documents/VUT/1BIT/2. semester/IZG/ex/izg_lab_01/build/CMakeFiles/CMakeScratch/TryCompile-ZPfK5c/CheckSymbolExists.c:14:19: note: each undeclared identifier is reported only once for each function it appears in
make[1]: *** [CMakeFiles/cmTC_fd9a7.dir/build.make:78: CMakeFiles/cmTC_fd9a7.dir/CheckSymbolExists.c.o] Error 1
make[1]: Leaving directory '/home/leviathan/Documents/VUT/1BIT/2. semester/IZG/ex/izg_lab_01/build/CMakeFiles/CMakeScratch/TryCompile-ZPfK5c'
make: *** [Makefile:127: cmTC_fd9a7/fast] Error 2


File CheckSymbolExists.c:
/* */
#include <stddef.h>
#include <stdarg.h>
#include <stdlib.h>
#include <string.h>
#include <stdio.h>
#include <wchar.h>
#include <float.h>

int main(int argc, char** argv)
{
  (void)argv;
#ifndef wcslcpy
  return ((int*)(&wcslcpy))[argc];
#else
  (void)argc;
  return 0;
#endif
}

Determining if the _wcsicmp exist failed with the following output:
Change Dir: /home/leviathan/Documents/VUT/1BIT/2. semester/IZG/ex/izg_lab_01/build/CMakeFiles/CMakeScratch/TryCompile-ShNC6r

Run Build Command(s):/usr/bin/make -f Makefile cmTC_426fd/fast && /usr/bin/make  -f CMakeFiles/cmTC_426fd.dir/build.make CMakeFiles/cmTC_426fd.dir/build
make[1]: Entering directory '/home/leviathan/Documents/VUT/1BIT/2. semester/IZG/ex/izg_lab_01/build/CMakeFiles/CMakeScratch/TryCompile-ShNC6r'
Building C object CMakeFiles/cmTC_426fd.dir/CheckSymbolExists.c.o
/usr/bin/cc   -idirafter "/home/leviathan/Documents/VUT/1BIT/2. semester/IZG/ex/izg_lab_01/SDL/src/video/khronos"  -o CMakeFiles/cmTC_426fd.dir/CheckSymbolExists.c.o -c "/home/leviathan/Documents/VUT/1BIT/2. semester/IZG/ex/izg_lab_01/build/CMakeFiles/CMakeScratch/TryCompile-ShNC6r/CheckSymbolExists.c"
/home/leviathan/Documents/VUT/1BIT/2. semester/IZG/ex/izg_lab_01/build/CMakeFiles/CMakeScratch/TryCompile-ShNC6r/CheckSymbolExists.c: In function ‘main’:
/home/leviathan/Documents/VUT/1BIT/2. semester/IZG/ex/izg_lab_01/build/CMakeFiles/CMakeScratch/TryCompile-ShNC6r/CheckSymbolExists.c:14:19: error: ‘_wcsicmp’ undeclared (first use in this function); did you mean ‘wcsncmp’?
   14 |   return ((int*)(&_wcsicmp))[argc];
      |                   ^~~~~~~~
      |                   wcsncmp
/home/leviathan/Documents/VUT/1BIT/2. semester/IZG/ex/izg_lab_01/build/CMakeFiles/CMakeScratch/TryCompile-ShNC6r/CheckSymbolExists.c:14:19: note: each undeclared identifier is reported only once for each function it appears in
make[1]: *** [CMakeFiles/cmTC_426fd.dir/build.make:78: CMakeFiles/cmTC_426fd.dir/CheckSymbolExists.c.o] Error 1
make[1]: Leaving directory '/home/leviathan/Documents/VUT/1BIT/2. semester/IZG/ex/izg_lab_01/build/CMakeFiles/CMakeScratch/TryCompile-ShNC6r'
make: *** [Makefile:127: cmTC_426fd/fast] Error 2


File CheckSymbolExists.c:
/* */
#include <stddef.h>
#include <stdarg.h>
#include <stdlib.h>
#include <string.h>
#include <stdio.h>
#include <wchar.h>
#include <float.h>

int main(int argc, char** argv)
{
  (void)argv;
#ifndef _wcsicmp
  return ((int*)(&_wcsicmp))[argc];
#else
  (void)argc;
  return 0;
#endif
}

Determining if the _wcsnicmp exist failed with the following output:
Change Dir: /home/leviathan/Documents/VUT/1BIT/2. semester/IZG/ex/izg_lab_01/build/CMakeFiles/CMakeScratch/TryCompile-1k2R8t

Run Build Command(s):/usr/bin/make -f Makefile cmTC_df856/fast && /usr/bin/make  -f CMakeFiles/cmTC_df856.dir/build.make CMakeFiles/cmTC_df856.dir/build
make[1]: Entering directory '/home/leviathan/Documents/VUT/1BIT/2. semester/IZG/ex/izg_lab_01/build/CMakeFiles/CMakeScratch/TryCompile-1k2R8t'
Building C object CMakeFiles/cmTC_df856.dir/CheckSymbolExists.c.o
/usr/bin/cc   -idirafter "/home/leviathan/Documents/VUT/1BIT/2. semester/IZG/ex/izg_lab_01/SDL/src/video/khronos"  -o CMakeFiles/cmTC_df856.dir/CheckSymbolExists.c.o -c "/home/leviathan/Documents/VUT/1BIT/2. semester/IZG/ex/izg_lab_01/build/CMakeFiles/CMakeScratch/TryCompile-1k2R8t/CheckSymbolExists.c"
/home/leviathan/Documents/VUT/1BIT/2. semester/IZG/ex/izg_lab_01/build/CMakeFiles/CMakeScratch/TryCompile-1k2R8t/CheckSymbolExists.c: In function ‘main’:
/home/leviathan/Documents/VUT/1BIT/2. semester/IZG/ex/izg_lab_01/build/CMakeFiles/CMakeScratch/TryCompile-1k2R8t/CheckSymbolExists.c:14:19: error: ‘_wcsnicmp’ undeclared (first use in this function); did you mean ‘wcsncmp’?
   14 |   return ((int*)(&_wcsnicmp))[argc];
      |                   ^~~~~~~~~
      |                   wcsncmp
/home/leviathan/Documents/VUT/1BIT/2. semester/IZG/ex/izg_lab_01/build/CMakeFiles/CMakeScratch/TryCompile-1k2R8t/CheckSymbolExists.c:14:19: note: each undeclared identifier is reported only once for each function it appears in
make[1]: *** [CMakeFiles/cmTC_df856.dir/build.make:78: CMakeFiles/cmTC_df856.dir/CheckSymbolExists.c.o] Error 1
make[1]: Leaving directory '/home/leviathan/Documents/VUT/1BIT/2. semester/IZG/ex/izg_lab_01/build/CMakeFiles/CMakeScratch/TryCompile-1k2R8t'
make: *** [Makefile:127: cmTC_df856/fast] Error 2


File CheckSymbolExists.c:
/* */
#include <stddef.h>
#include <stdarg.h>
#include <stdlib.h>
#include <string.h>
#include <stdio.h>
#include <wchar.h>
#include <float.h>

int main(int argc, char** argv)
{
  (void)argv;
#ifndef _wcsnicmp
  return ((int*)(&_wcsnicmp))[argc];
#else
  (void)argc;
  return 0;
#endif
}

Determining if the fopen64 exist failed with the following output:
Change Dir: /home/leviathan/Documents/VUT/1BIT/2. semester/IZG/ex/izg_lab_01/build/CMakeFiles/CMakeScratch/TryCompile-MY2VWI

Run Build Command(s):/usr/bin/make -f Makefile cmTC_d4c59/fast && /usr/bin/make  -f CMakeFiles/cmTC_d4c59.dir/build.make CMakeFiles/cmTC_d4c59.dir/build
make[1]: Entering directory '/home/leviathan/Documents/VUT/1BIT/2. semester/IZG/ex/izg_lab_01/build/CMakeFiles/CMakeScratch/TryCompile-MY2VWI'
Building C object CMakeFiles/cmTC_d4c59.dir/CheckSymbolExists.c.o
/usr/bin/cc   -idirafter "/home/leviathan/Documents/VUT/1BIT/2. semester/IZG/ex/izg_lab_01/SDL/src/video/khronos"  -o CMakeFiles/cmTC_d4c59.dir/CheckSymbolExists.c.o -c "/home/leviathan/Documents/VUT/1BIT/2. semester/IZG/ex/izg_lab_01/build/CMakeFiles/CMakeScratch/TryCompile-MY2VWI/CheckSymbolExists.c"
/home/leviathan/Documents/VUT/1BIT/2. semester/IZG/ex/izg_lab_01/build/CMakeFiles/CMakeScratch/TryCompile-MY2VWI/CheckSymbolExists.c: In function ‘main’:
/home/leviathan/Documents/VUT/1BIT/2. semester/IZG/ex/izg_lab_01/build/CMakeFiles/CMakeScratch/TryCompile-MY2VWI/CheckSymbolExists.c:14:19: error: ‘fopen64’ undeclared (first use in this function); did you mean ‘fopen’?
   14 |   return ((int*)(&fopen64))[argc];
      |                   ^~~~~~~
      |                   fopen
/home/leviathan/Documents/VUT/1BIT/2. semester/IZG/ex/izg_lab_01/build/CMakeFiles/CMakeScratch/TryCompile-MY2VWI/CheckSymbolExists.c:14:19: note: each undeclared identifier is reported only once for each function it appears in
make[1]: *** [CMakeFiles/cmTC_d4c59.dir/build.make:78: CMakeFiles/cmTC_d4c59.dir/CheckSymbolExists.c.o] Error 1
make[1]: Leaving directory '/home/leviathan/Documents/VUT/1BIT/2. semester/IZG/ex/izg_lab_01/build/CMakeFiles/CMakeScratch/TryCompile-MY2VWI'
make: *** [Makefile:127: cmTC_d4c59/fast] Error 2


File CheckSymbolExists.c:
/* */
#include <stddef.h>
#include <stdarg.h>
#include <stdlib.h>
#include <string.h>
#include <stdio.h>
#include <wchar.h>
#include <float.h>

int main(int argc, char** argv)
{
  (void)argv;
#ifndef fopen64
  return ((int*)(&fopen64))[argc];
#else
  (void)argc;
  return 0;
#endif
}

Determining if the fseeko64 exist failed with the following output:
Change Dir: /home/leviathan/Documents/VUT/1BIT/2. semester/IZG/ex/izg_lab_01/build/CMakeFiles/CMakeScratch/TryCompile-7WIBKJ

Run Build Command(s):/usr/bin/make -f Makefile cmTC_1a286/fast && /usr/bin/make  -f CMakeFiles/cmTC_1a286.dir/build.make CMakeFiles/cmTC_1a286.dir/build
make[1]: Entering directory '/home/leviathan/Documents/VUT/1BIT/2. semester/IZG/ex/izg_lab_01/build/CMakeFiles/CMakeScratch/TryCompile-7WIBKJ'
Building C object CMakeFiles/cmTC_1a286.dir/CheckSymbolExists.c.o
/usr/bin/cc   -idirafter "/home/leviathan/Documents/VUT/1BIT/2. semester/IZG/ex/izg_lab_01/SDL/src/video/khronos"  -o CMakeFiles/cmTC_1a286.dir/CheckSymbolExists.c.o -c "/home/leviathan/Documents/VUT/1BIT/2. semester/IZG/ex/izg_lab_01/build/CMakeFiles/CMakeScratch/TryCompile-7WIBKJ/CheckSymbolExists.c"
/home/leviathan/Documents/VUT/1BIT/2. semester/IZG/ex/izg_lab_01/build/CMakeFiles/CMakeScratch/TryCompile-7WIBKJ/CheckSymbolExists.c: In function ‘main’:
/home/leviathan/Documents/VUT/1BIT/2. semester/IZG/ex/izg_lab_01/build/CMakeFiles/CMakeScratch/TryCompile-7WIBKJ/CheckSymbolExists.c:14:19: error: ‘fseeko64’ undeclared (first use in this function); did you mean ‘fseeko’?
   14 |   return ((int*)(&fseeko64))[argc];
      |                   ^~~~~~~~
      |                   fseeko
/home/leviathan/Documents/VUT/1BIT/2. semester/IZG/ex/izg_lab_01/build/CMakeFiles/CMakeScratch/TryCompile-7WIBKJ/CheckSymbolExists.c:14:19: note: each undeclared identifier is reported only once for each function it appears in
make[1]: *** [CMakeFiles/cmTC_1a286.dir/build.make:78: CMakeFiles/cmTC_1a286.dir/CheckSymbolExists.c.o] Error 1
make[1]: Leaving directory '/home/leviathan/Documents/VUT/1BIT/2. semester/IZG/ex/izg_lab_01/build/CMakeFiles/CMakeScratch/TryCompile-7WIBKJ'
make: *** [Makefile:127: cmTC_1a286/fast] Error 2


File CheckSymbolExists.c:
/* */
#include <stddef.h>
#include <stdarg.h>
#include <stdlib.h>
#include <string.h>
#include <stdio.h>
#include <wchar.h>
#include <float.h>

int main(int argc, char** argv)
{
  (void)argv;
#ifndef fseeko64
  return ((int*)(&fseeko64))[argc];
#else
  (void)argc;
  return 0;
#endif
}

Determining if the sysctlbyname exist failed with the following output:
Change Dir: /home/leviathan/Documents/VUT/1BIT/2. semester/IZG/ex/izg_lab_01/build/CMakeFiles/CMakeScratch/TryCompile-SW86Ir

Run Build Command(s):/usr/bin/make -f Makefile cmTC_56fe0/fast && /usr/bin/make  -f CMakeFiles/cmTC_56fe0.dir/build.make CMakeFiles/cmTC_56fe0.dir/build
make[1]: Entering directory '/home/leviathan/Documents/VUT/1BIT/2. semester/IZG/ex/izg_lab_01/build/CMakeFiles/CMakeScratch/TryCompile-SW86Ir'
Building C object CMakeFiles/cmTC_56fe0.dir/CheckSymbolExists.c.o
/usr/bin/cc   -idirafter "/home/leviathan/Documents/VUT/1BIT/2. semester/IZG/ex/izg_lab_01/SDL/src/video/khronos"  -o CMakeFiles/cmTC_56fe0.dir/CheckSymbolExists.c.o -c "/home/leviathan/Documents/VUT/1BIT/2. semester/IZG/ex/izg_lab_01/build/CMakeFiles/CMakeScratch/TryCompile-SW86Ir/CheckSymbolExists.c"
/home/leviathan/Documents/VUT/1BIT/2. semester/IZG/ex/izg_lab_01/build/CMakeFiles/CMakeScratch/TryCompile-SW86Ir/CheckSymbolExists.c:3:10: fatal error: sys/sysctl.h: No such file or directory
    3 | #include <sys/sysctl.h>
      |          ^~~~~~~~~~~~~~
compilation terminated.
make[1]: *** [CMakeFiles/cmTC_56fe0.dir/build.make:78: CMakeFiles/cmTC_56fe0.dir/CheckSymbolExists.c.o] Error 1
make[1]: Leaving directory '/home/leviathan/Documents/VUT/1BIT/2. semester/IZG/ex/izg_lab_01/build/CMakeFiles/CMakeScratch/TryCompile-SW86Ir'
make: *** [Makefile:127: cmTC_56fe0/fast] Error 2


File CheckSymbolExists.c:
/* */
#include <sys/types.h>
#include <sys/sysctl.h>

int main(int argc, char** argv)
{
  (void)argv;
#ifndef sysctlbyname
  return ((int*)(&sysctlbyname))[argc];
#else
  (void)argc;
  return 0;
#endif
}

Determining if the elf_aux_info exist failed with the following output:
Change Dir: /home/leviathan/Documents/VUT/1BIT/2. semester/IZG/ex/izg_lab_01/build/CMakeFiles/CMakeScratch/TryCompile-AMUDje

Run Build Command(s):/usr/bin/make -f Makefile cmTC_e21ff/fast && /usr/bin/make  -f CMakeFiles/cmTC_e21ff.dir/build.make CMakeFiles/cmTC_e21ff.dir/build
make[1]: Entering directory '/home/leviathan/Documents/VUT/1BIT/2. semester/IZG/ex/izg_lab_01/build/CMakeFiles/CMakeScratch/TryCompile-AMUDje'
Building C object CMakeFiles/cmTC_e21ff.dir/CheckSymbolExists.c.o
/usr/bin/cc   -idirafter "/home/leviathan/Documents/VUT/1BIT/2. semester/IZG/ex/izg_lab_01/SDL/src/video/khronos"  -o CMakeFiles/cmTC_e21ff.dir/CheckSymbolExists.c.o -c "/home/leviathan/Documents/VUT/1BIT/2. semester/IZG/ex/izg_lab_01/build/CMakeFiles/CMakeScratch/TryCompile-AMUDje/CheckSymbolExists.c"
/home/leviathan/Documents/VUT/1BIT/2. semester/IZG/ex/izg_lab_01/build/CMakeFiles/CMakeScratch/TryCompile-AMUDje/CheckSymbolExists.c: In function ‘main’:
/home/leviathan/Documents/VUT/1BIT/2. semester/IZG/ex/izg_lab_01/build/CMakeFiles/CMakeScratch/TryCompile-AMUDje/CheckSymbolExists.c:8:19: error: ‘elf_aux_info’ undeclared (first use in this function)
    8 |   return ((int*)(&elf_aux_info))[argc];
      |                   ^~~~~~~~~~~~
/home/leviathan/Documents/VUT/1BIT/2. semester/IZG/ex/izg_lab_01/build/CMakeFiles/CMakeScratch/TryCompile-AMUDje/CheckSymbolExists.c:8:19: note: each undeclared identifier is reported only once for each function it appears in
make[1]: *** [CMakeFiles/cmTC_e21ff.dir/build.make:78: CMakeFiles/cmTC_e21ff.dir/CheckSymbolExists.c.o] Error 1
make[1]: Leaving directory '/home/leviathan/Documents/VUT/1BIT/2. semester/IZG/ex/izg_lab_01/build/CMakeFiles/CMakeScratch/TryCompile-AMUDje'
make: *** [Makefile:127: cmTC_e21ff/fast] Error 2


File CheckSymbolExists.c:
/* */
#include <sys/auxv.h>

int main(int argc, char** argv)
{
  (void)argv;
#ifndef elf_aux_info
  return ((int*)(&elf_aux_info))[argc];
#else
  (void)argc;
  return 0;
#endif
}

Determining if the function iconv_open exists in the iconv failed with the following output:
Change Dir: /home/leviathan/Documents/VUT/1BIT/2. semester/IZG/ex/izg_lab_01/build/CMakeFiles/CMakeScratch/TryCompile-0OHGld

Run Build Command(s):/usr/bin/make -f Makefile cmTC_058a7/fast && /usr/bin/make  -f CMakeFiles/cmTC_058a7.dir/build.make CMakeFiles/cmTC_058a7.dir/build
make[1]: Entering directory '/home/leviathan/Documents/VUT/1BIT/2. semester/IZG/ex/izg_lab_01/build/CMakeFiles/CMakeScratch/TryCompile-0OHGld'
Building C object CMakeFiles/cmTC_058a7.dir/CheckFunctionExists.c.o
/usr/bin/cc   -idirafter "/home/leviathan/Documents/VUT/1BIT/2. semester/IZG/ex/izg_lab_01/SDL/src/video/khronos" -DCHECK_FUNCTION_EXISTS=iconv_open -o CMakeFiles/cmTC_058a7.dir/CheckFunctionExists.c.o -c "/home/leviathan/Documents/VUT/1BIT/2. semester/IZG/ex/izg_lab_01/build/CMakeFiles/CMakeScratch/TryCompile-0OHGld/CheckFunctionExists.c"
Linking C executable cmTC_058a7
/usr/bin/cmake -E cmake_link_script CMakeFiles/cmTC_058a7.dir/link.txt --verbose=1
/usr/bin/cc  -idirafter "/home/leviathan/Documents/VUT/1BIT/2. semester/IZG/ex/izg_lab_01/SDL/src/video/khronos" -DCHECK_FUNCTION_EXISTS=iconv_open -rdynamic CMakeFiles/cmTC_058a7.dir/CheckFunctionExists.c.o -o cmTC_058a7  -liconv 
/usr/bin/ld: cannot find -liconv: No such file or directory
collect2: error: ld returned 1 exit status
make[1]: *** [CMakeFiles/cmTC_058a7.dir/build.make:99: cmTC_058a7] Error 1
make[1]: Leaving directory '/home/leviathan/Documents/VUT/1BIT/2. semester/IZG/ex/izg_lab_01/build/CMakeFiles/CMakeScratch/TryCompile-0OHGld'
make: *** [Makefile:127: cmTC_058a7/fast] Error 2



Determining if the alloca exist failed with the following output:
Change Dir: /home/leviathan/Documents/VUT/1BIT/2. semester/IZG/ex/izg_lab_01/build/CMakeFiles/CMakeScratch/TryCompile-jMbds9

Run Build Command(s):/usr/bin/make -f Makefile cmTC_e296b/fast && /usr/bin/make  -f CMakeFiles/cmTC_e296b.dir/build.make CMakeFiles/cmTC_e296b.dir/build
make[1]: Entering directory '/home/leviathan/Documents/VUT/1BIT/2. semester/IZG/ex/izg_lab_01/build/CMakeFiles/CMakeScratch/TryCompile-jMbds9'
Building C object CMakeFiles/cmTC_e296b.dir/CheckSymbolExists.c.o
/usr/bin/cc   -idirafter "/home/leviathan/Documents/VUT/1BIT/2. semester/IZG/ex/izg_lab_01/SDL/src/video/khronos"  -o CMakeFiles/cmTC_e296b.dir/CheckSymbolExists.c.o -c "/home/leviathan/Documents/VUT/1BIT/2. semester/IZG/ex/izg_lab_01/build/CMakeFiles/CMakeScratch/TryCompile-jMbds9/CheckSymbolExists.c"
/home/leviathan/Documents/VUT/1BIT/2. semester/IZG/ex/izg_lab_01/build/CMakeFiles/CMakeScratch/TryCompile-jMbds9/CheckSymbolExists.c: In function ‘main’:
/home/leviathan/Documents/VUT/1BIT/2. semester/IZG/ex/izg_lab_01/build/CMakeFiles/CMakeScratch/TryCompile-jMbds9/CheckSymbolExists.c:8:19: error: ‘alloca’ undeclared (first use in this function); did you mean ‘valloc’?
    8 |   return ((int*)(&alloca))[argc];
      |                   ^~~~~~
      |                   valloc
/home/leviathan/Documents/VUT/1BIT/2. semester/IZG/ex/izg_lab_01/build/CMakeFiles/CMakeScratch/TryCompile-jMbds9/CheckSymbolExists.c:8:19: note: each undeclared identifier is reported only once for each function it appears in
make[1]: *** [CMakeFiles/cmTC_e296b.dir/build.make:78: CMakeFiles/cmTC_e296b.dir/CheckSymbolExists.c.o] Error 1
make[1]: Leaving directory '/home/leviathan/Documents/VUT/1BIT/2. semester/IZG/ex/izg_lab_01/build/CMakeFiles/CMakeScratch/TryCompile-jMbds9'
make: *** [Makefile:127: cmTC_e296b/fast] Error 2


File CheckSymbolExists.c:
/* */
#include <malloc.h>

int main(int argc, char** argv)
{
  (void)argv;
#ifndef alloca
  return ((int*)(&alloca))[argc];
#else
  (void)argc;
  return 0;
#endif
}

Determining if the include file audio/audiolib.h exists failed with the following output:
Change Dir: /home/leviathan/Documents/VUT/1BIT/2. semester/IZG/ex/izg_lab_01/build/CMakeFiles/CMakeScratch/TryCompile-MnrxXM

Run Build Command(s):/usr/bin/make -f Makefile cmTC_dc737/fast && /usr/bin/make  -f CMakeFiles/cmTC_dc737.dir/build.make CMakeFiles/cmTC_dc737.dir/build
make[1]: Entering directory '/home/leviathan/Documents/VUT/1BIT/2. semester/IZG/ex/izg_lab_01/build/CMakeFiles/CMakeScratch/TryCompile-MnrxXM'
Building C object CMakeFiles/cmTC_dc737.dir/CheckIncludeFile.c.o
/usr/bin/cc   -idirafter "/home/leviathan/Documents/VUT/1BIT/2. semester/IZG/ex/izg_lab_01/SDL/src/video/khronos"  -o CMakeFiles/cmTC_dc737.dir/CheckIncludeFile.c.o -c "/home/leviathan/Documents/VUT/1BIT/2. semester/IZG/ex/izg_lab_01/build/CMakeFiles/CMakeScratch/TryCompile-MnrxXM/CheckIncludeFile.c"
/home/leviathan/Documents/VUT/1BIT/2. semester/IZG/ex/izg_lab_01/build/CMakeFiles/CMakeScratch/TryCompile-MnrxXM/CheckIncludeFile.c:1:10: fatal error: audio/audiolib.h: No such file or directory
    1 | #include <audio/audiolib.h>
      |          ^~~~~~~~~~~~~~~~~~
compilation terminated.
make[1]: *** [CMakeFiles/cmTC_dc737.dir/build.make:78: CMakeFiles/cmTC_dc737.dir/CheckIncludeFile.c.o] Error 1
make[1]: Leaving directory '/home/leviathan/Documents/VUT/1BIT/2. semester/IZG/ex/izg_lab_01/build/CMakeFiles/CMakeScratch/TryCompile-MnrxXM'
make: *** [Makefile:127: cmTC_dc737/fast] Error 2



Performing C SOURCE FILE Test HAVE_RPI failed with the following output:
Change Dir: /home/leviathan/Documents/VUT/1BIT/2. semester/IZG/ex/izg_lab_01/build/CMakeFiles/CMakeScratch/TryCompile-RTtAb7

Run Build Command(s):/usr/bin/make -f Makefile cmTC_36674/fast && /usr/bin/make  -f CMakeFiles/cmTC_36674.dir/build.make CMakeFiles/cmTC_36674.dir/build
make[1]: Entering directory '/home/leviathan/Documents/VUT/1BIT/2. semester/IZG/ex/izg_lab_01/build/CMakeFiles/CMakeScratch/TryCompile-RTtAb7'
Building C object CMakeFiles/cmTC_36674.dir/src.c.o
/usr/bin/cc -DHAVE_RPI  -idirafter "/home/leviathan/Documents/VUT/1BIT/2. semester/IZG/ex/izg_lab_01/SDL/src/video/khronos"  -I/opt/vc/include/interface/vmcs_host/linux/ -I/opt/vc/include/interface/vcos/pthreads -I/opt/vc/include  -L/opt/vc/lib -o CMakeFiles/cmTC_36674.dir/src.c.o -c "/home/leviathan/Documents/VUT/1BIT/2. semester/IZG/ex/izg_lab_01/build/CMakeFiles/CMakeScratch/TryCompile-RTtAb7/src.c"
/home/leviathan/Documents/VUT/1BIT/2. semester/IZG/ex/izg_lab_01/build/CMakeFiles/CMakeScratch/TryCompile-RTtAb7/src.c:2:18: fatal error: bcm_host.h: No such file or directory
    2 |         #include <bcm_host.h>
      |                  ^~~~~~~~~~~~
compilation terminated.
make[1]: *** [CMakeFiles/cmTC_36674.dir/build.make:78: CMakeFiles/cmTC_36674.dir/src.c.o] Error 1
make[1]: Leaving directory '/home/leviathan/Documents/VUT/1BIT/2. semester/IZG/ex/izg_lab_01/build/CMakeFiles/CMakeScratch/TryCompile-RTtAb7'
make: *** [Makefile:127: cmTC_36674/fast] Error 2


Source file was:

        #include <bcm_host.h>
        #include <EGL/eglplatform.h>
        int main(int argc, char **argv) {
          EGL_DISPMANX_WINDOW_T window;
          bcm_host_init();
        }

Performing C SOURCE FILE Test HAVE_OPENGLES_V1 failed with the following output:
Change Dir: /home/leviathan/Documents/VUT/1BIT/2. semester/IZG/ex/izg_lab_01/build/CMakeFiles/CMakeScratch/TryCompile-qHOEDH

Run Build Command(s):/usr/bin/make -f Makefile cmTC_e76a6/fast && /usr/bin/make  -f CMakeFiles/cmTC_e76a6.dir/build.make CMakeFiles/cmTC_e76a6.dir/build
make[1]: Entering directory '/home/leviathan/Documents/VUT/1BIT/2. semester/IZG/ex/izg_lab_01/build/CMakeFiles/CMakeScratch/TryCompile-qHOEDH'
Building C object CMakeFiles/cmTC_e76a6.dir/src.c.o
/usr/bin/cc -DHAVE_OPENGLES_V1  -idirafter "/home/leviathan/Documents/VUT/1BIT/2. semester/IZG/ex/izg_lab_01/SDL/src/video/khronos"  -o CMakeFiles/cmTC_e76a6.dir/src.c.o -c "/home/leviathan/Documents/VUT/1BIT/2. semester/IZG/ex/izg_lab_01/build/CMakeFiles/CMakeScratch/TryCompile-qHOEDH/src.c"
/home/leviathan/Documents/VUT/1BIT/2. semester/IZG/ex/izg_lab_01/build/CMakeFiles/CMakeScratch/TryCompile-qHOEDH/src.c:2:18: fatal error: GLES/gl.h: No such file or directory
    2 |         #include <GLES/gl.h>
      |                  ^~~~~~~~~~~
compilation terminated.
make[1]: *** [CMakeFiles/cmTC_e76a6.dir/build.make:78: CMakeFiles/cmTC_e76a6.dir/src.c.o] Error 1
make[1]: Leaving directory '/home/leviathan/Documents/VUT/1BIT/2. semester/IZG/ex/izg_lab_01/build/CMakeFiles/CMakeScratch/TryCompile-qHOEDH'
make: *** [Makefile:127: cmTC_e76a6/fast] Error 2


Source file was:

        #include <GLES/gl.h>
        #include <GLES/glext.h>
        int main (int argc, char** argv) {}

Performing C SOURCE FILE Test HAVE_VIVANTE_VDK failed with the following output:
Change Dir: /home/leviathan/Documents/VUT/1BIT/2. semester/IZG/ex/izg_lab_01/build/CMakeFiles/CMakeScratch/TryCompile-iJB721

Run Build Command(s):/usr/bin/make -f Makefile cmTC_20173/fast && /usr/bin/make  -f CMakeFiles/cmTC_20173.dir/build.make CMakeFiles/cmTC_20173.dir/build
make[1]: Entering directory '/home/leviathan/Documents/VUT/1BIT/2. semester/IZG/ex/izg_lab_01/build/CMakeFiles/CMakeScratch/TryCompile-iJB721'
Building C object CMakeFiles/cmTC_20173.dir/src.c.o
/usr/bin/cc -DHAVE_VIVANTE_VDK  -idirafter "/home/leviathan/Documents/VUT/1BIT/2. semester/IZG/ex/izg_lab_01/SDL/src/video/khronos"  -o CMakeFiles/cmTC_20173.dir/src.c.o -c "/home/leviathan/Documents/VUT/1BIT/2. semester/IZG/ex/izg_lab_01/build/CMakeFiles/CMakeScratch/TryCompile-iJB721/src.c"
/home/leviathan/Documents/VUT/1BIT/2. semester/IZG/ex/izg_lab_01/build/CMakeFiles/CMakeScratch/TryCompile-iJB721/src.c:2:18: fatal error: gc_vdk.h: No such file or directory
    2 |         #include <gc_vdk.h>
      |                  ^~~~~~~~~~
compilation terminated.
make[1]: *** [CMakeFiles/cmTC_20173.dir/build.make:78: CMakeFiles/cmTC_20173.dir/src.c.o] Error 1
make[1]: Leaving directory '/home/leviathan/Documents/VUT/1BIT/2. semester/IZG/ex/izg_lab_01/build/CMakeFiles/CMakeScratch/TryCompile-iJB721'
make: *** [Makefile:127: cmTC_20173/fast] Error 2


Source file was:

        #include <gc_vdk.h>
        int main(int argc, char** argv) {}

Performing C SOURCE FILE Test HAVE_VIVANTE_EGL_FB failed with the following output:
Change Dir: /home/leviathan/Documents/VUT/1BIT/2. semester/IZG/ex/izg_lab_01/build/CMakeFiles/CMakeScratch/TryCompile-WvsSmq

Run Build Command(s):/usr/bin/make -f Makefile cmTC_34f9b/fast && /usr/bin/make  -f CMakeFiles/cmTC_34f9b.dir/build.make CMakeFiles/cmTC_34f9b.dir/build
make[1]: Entering directory '/home/leviathan/Documents/VUT/1BIT/2. semester/IZG/ex/izg_lab_01/build/CMakeFiles/CMakeScratch/TryCompile-WvsSmq'
Building C object CMakeFiles/cmTC_34f9b.dir/src.c.o
/usr/bin/cc -DHAVE_VIVANTE_EGL_FB  -idirafter "/home/leviathan/Documents/VUT/1BIT/2. semester/IZG/ex/izg_lab_01/SDL/src/video/khronos"  -o CMakeFiles/cmTC_34f9b.dir/src.c.o -c "/home/leviathan/Documents/VUT/1BIT/2. semester/IZG/ex/izg_lab_01/build/CMakeFiles/CMakeScratch/TryCompile-WvsSmq/src.c"
/home/leviathan/Documents/VUT/1BIT/2. semester/IZG/ex/izg_lab_01/build/CMakeFiles/CMakeScratch/TryCompile-WvsSmq/src.c:4:18: fatal error: EGL/eglvivante.h: No such file or directory
    4 |         #include <EGL/eglvivante.h>
      |                  ^~~~~~~~~~~~~~~~~~
compilation terminated.
make[1]: *** [CMakeFiles/cmTC_34f9b.dir/build.make:78: CMakeFiles/cmTC_34f9b.dir/src.c.o] Error 1
make[1]: Leaving directory '/home/leviathan/Documents/VUT/1BIT/2. semester/IZG/ex/izg_lab_01/build/CMakeFiles/CMakeScratch/TryCompile-WvsSmq'
make: *** [Makefile:127: cmTC_34f9b/fast] Error 2


Source file was:

        #define LINUX
        #define EGL_API_FB
        #include <EGL/eglvivante.h>
        int main(int argc, char** argv) {}

Determining if files pthread_np.h exist failed with the following output:
Change Dir: /home/leviathan/Documents/VUT/1BIT/2. semester/IZG/ex/izg_lab_01/build/CMakeFiles/CMakeScratch/TryCompile-QwJwzC

Run Build Command(s):/usr/bin/make -f Makefile cmTC_c133c/fast && /usr/bin/make  -f CMakeFiles/cmTC_c133c.dir/build.make CMakeFiles/cmTC_c133c.dir/build
make[1]: Entering directory '/home/leviathan/Documents/VUT/1BIT/2. semester/IZG/ex/izg_lab_01/build/CMakeFiles/CMakeScratch/TryCompile-QwJwzC'
Building C object CMakeFiles/cmTC_c133c.dir/HAVE_PTHREAD_NP_H.c.o
/usr/bin/cc   -idirafter "/home/leviathan/Documents/VUT/1BIT/2. semester/IZG/ex/izg_lab_01/SDL/src/video/khronos" -I/usr/include/libusb-1.0  -D_REENTRANT -pthread -o CMakeFiles/cmTC_c133c.dir/HAVE_PTHREAD_NP_H.c.o -c "/home/leviathan/Documents/VUT/1BIT/2. semester/IZG/ex/izg_lab_01/build/CMakeFiles/CMakeScratch/TryCompile-QwJwzC/HAVE_PTHREAD_NP_H.c"
/home/leviathan/Documents/VUT/1BIT/2. semester/IZG/ex/izg_lab_01/build/CMakeFiles/CMakeScratch/TryCompile-QwJwzC/HAVE_PTHREAD_NP_H.c:2:10: fatal error: pthread_np.h: No such file or directory
    2 | #include <pthread_np.h>
      |          ^~~~~~~~~~~~~~
compilation terminated.
make[1]: *** [CMakeFiles/cmTC_c133c.dir/build.make:78: CMakeFiles/cmTC_c133c.dir/HAVE_PTHREAD_NP_H.c.o] Error 1
make[1]: Leaving directory '/home/leviathan/Documents/VUT/1BIT/2. semester/IZG/ex/izg_lab_01/build/CMakeFiles/CMakeScratch/TryCompile-QwJwzC'
make: *** [Makefile:127: cmTC_c133c/fast] Error 2


Source:
/* */
#include <pthread_np.h>


int main(void){return 0;}

